<?xml version="1.0" encoding="UTF-8" standalone="yes"?><!DOCTYPE report PUBLIC "-//JACOCO//DTD Report 1.0//EN" "report.dtd"><report name="metrics-gelf"><sessioninfo id="joschi-mbp15.lan-cb41bd8e" start="1473933926131" dump="1473933927569"/><package name="org/graylog/metrics"><class name="org/graylog/metrics/GelfReporter"><method name="forRegistry" desc="(Lcom/codahale/metrics/MetricRegistry;)Lorg/graylog/metrics/GelfReporter$Builder;" line="54"><counter type="INSTRUCTION" missed="0" covered="6"/><counter type="LINE" missed="0" covered="1"/><counter type="COMPLEXITY" missed="0" covered="1"/><counter type="METHOD" missed="0" covered="1"/></method><method name="&lt;init&gt;" desc="(Lcom/codahale/metrics/MetricRegistry;Lorg/graylog2/gelfclient/transport/GelfTransport;Lcom/codahale/metrics/Clock;Ljava/lang/String;Ljava/util/concurrent/TimeUnit;Ljava/util/concurrent/TimeUnit;Lcom/codahale/metrics/MetricFilter;Lorg/graylog2/gelfclient/GelfMessageLevel;Ljava/lang/String;Ljava/util/Map;)V" line="387"><counter type="INSTRUCTION" missed="0" covered="35"/><counter type="BRANCH" missed="0" covered="2"/><counter type="LINE" missed="0" covered="8"/><counter type="COMPLEXITY" missed="0" covered="2"/><counter type="METHOD" missed="0" covered="1"/></method><method name="report" desc="(Ljava/util/SortedMap;Ljava/util/SortedMap;Ljava/util/SortedMap;Ljava/util/SortedMap;Ljava/util/SortedMap;)V" line="405"><counter type="INSTRUCTION" missed="4" covered="175"/><counter type="BRANCH" missed="2" covered="20"/><counter type="LINE" missed="2" covered="24"/><counter type="COMPLEXITY" missed="2" covered="10"/><counter type="METHOD" missed="0" covered="1"/></method><method name="stop" desc="()V" line="445"><counter type="INSTRUCTION" missed="0" covered="9"/><counter type="BRANCH" missed="1" covered="1"/><counter type="LINE" missed="0" covered="4"/><counter type="COMPLEXITY" missed="1" covered="1"/><counter type="METHOD" missed="0" covered="1"/></method><method name="sendTimer" desc="(JLjava/lang/String;Lcom/codahale/metrics/Timer;)V" line="452"><counter type="INSTRUCTION" missed="0" covered="153"/><counter type="LINE" missed="0" covered="26"/><counter type="COMPLEXITY" missed="0" covered="1"/><counter type="METHOD" missed="0" covered="1"/></method><method name="sendMeter" desc="(JLjava/lang/String;Lcom/codahale/metrics/Meter;)V" line="481"><counter type="INSTRUCTION" missed="0" covered="74"/><counter type="LINE" missed="0" covered="14"/><counter type="COMPLEXITY" missed="0" covered="1"/><counter type="METHOD" missed="0" covered="1"/></method><method name="sendHistogram" desc="(JLjava/lang/String;Lcom/codahale/metrics/Histogram;)V" line="498"><counter type="INSTRUCTION" missed="0" covered="95"/><counter type="LINE" missed="0" covered="20"/><counter type="COMPLEXITY" missed="0" covered="1"/><counter type="METHOD" missed="0" covered="1"/></method><method name="sendCounter" desc="(JLjava/lang/String;Lcom/codahale/metrics/Counter;)V" line="521"><counter type="INSTRUCTION" missed="0" covered="42"/><counter type="LINE" missed="0" covered="9"/><counter type="COMPLEXITY" missed="0" covered="1"/><counter type="METHOD" missed="0" covered="1"/></method><method name="sendGauge" desc="(JLjava/lang/String;Lcom/codahale/metrics/Gauge;)V" line="533"><counter type="INSTRUCTION" missed="0" covered="41"/><counter type="LINE" missed="0" covered="9"/><counter type="COMPLEXITY" missed="0" covered="1"/><counter type="METHOD" missed="0" covered="1"/></method><method name="prefix" desc="([Ljava/lang/String;)Ljava/lang/String;" line="545"><counter type="INSTRUCTION" missed="0" covered="5"/><counter type="LINE" missed="0" covered="1"/><counter type="COMPLEXITY" missed="0" covered="1"/><counter type="METHOD" missed="0" covered="1"/></method><method name="&lt;clinit&gt;" desc="()V" line="372"><counter type="INSTRUCTION" missed="0" covered="4"/><counter type="LINE" missed="0" covered="1"/><counter type="COMPLEXITY" missed="0" covered="1"/><counter type="METHOD" missed="0" covered="1"/></method><counter type="INSTRUCTION" missed="4" covered="639"/><counter type="BRANCH" missed="3" covered="23"/><counter type="LINE" missed="2" covered="117"/><counter type="COMPLEXITY" missed="3" covered="21"/><counter type="METHOD" missed="0" covered="11"/><counter type="CLASS" missed="0" covered="1"/></class><class name="org/graylog/metrics/GelfReporter$Builder"><method name="&lt;init&gt;" desc="(Lcom/codahale/metrics/MetricRegistry;)V" line="86"><counter type="INSTRUCTION" missed="0" covered="67"/><counter type="LINE" missed="0" covered="22"/><counter type="COMPLEXITY" missed="0" covered="1"/><counter type="METHOD" missed="0" covered="1"/></method><method name="withClock" desc="(Lcom/codahale/metrics/Clock;)Lorg/graylog/metrics/GelfReporter$Builder;" line="116"><counter type="INSTRUCTION" missed="7" covered="0"/><counter type="LINE" missed="2" covered="0"/><counter type="COMPLEXITY" missed="1" covered="0"/><counter type="METHOD" missed="1" covered="0"/></method><method name="prefixedWith" desc="(Ljava/lang/String;)Lorg/graylog/metrics/GelfReporter$Builder;" line="127"><counter type="INSTRUCTION" missed="5" covered="0"/><counter type="LINE" missed="2" covered="0"/><counter type="COMPLEXITY" missed="1" covered="0"/><counter type="METHOD" missed="1" covered="0"/></method><method name="convertRatesTo" desc="(Ljava/util/concurrent/TimeUnit;)Lorg/graylog/metrics/GelfReporter$Builder;" line="138"><counter type="INSTRUCTION" missed="7" covered="0"/><counter type="LINE" missed="2" covered="0"/><counter type="COMPLEXITY" missed="1" covered="0"/><counter type="METHOD" missed="1" covered="0"/></method><method name="convertDurationsTo" desc="(Ljava/util/concurrent/TimeUnit;)Lorg/graylog/metrics/GelfReporter$Builder;" line="149"><counter type="INSTRUCTION" missed="7" covered="0"/><counter type="LINE" missed="2" covered="0"/><counter type="COMPLEXITY" missed="1" covered="0"/><counter type="METHOD" missed="1" covered="0"/></method><method name="filter" desc="(Lcom/codahale/metrics/MetricFilter;)Lorg/graylog/metrics/GelfReporter$Builder;" line="160"><counter type="INSTRUCTION" missed="5" covered="0"/><counter type="LINE" missed="2" covered="0"/><counter type="COMPLEXITY" missed="1" covered="0"/><counter type="METHOD" missed="1" covered="0"/></method><method name="host" desc="(Ljava/net/InetSocketAddress;)Lorg/graylog/metrics/GelfReporter$Builder;" line="171"><counter type="INSTRUCTION" missed="0" covered="7"/><counter type="LINE" missed="0" covered="2"/><counter type="COMPLEXITY" missed="0" covered="1"/><counter type="METHOD" missed="0" covered="1"/></method><method name="additionalFields" desc="(Ljava/util/Map;)Lorg/graylog/metrics/GelfReporter$Builder;" line="182"><counter type="INSTRUCTION" missed="7" covered="0"/><counter type="LINE" missed="2" covered="0"/><counter type="COMPLEXITY" missed="1" covered="0"/><counter type="METHOD" missed="1" covered="0"/></method><method name="transport" desc="(Lorg/graylog2/gelfclient/GelfTransports;)Lorg/graylog/metrics/GelfReporter$Builder;" line="194"><counter type="INSTRUCTION" missed="7" covered="0"/><counter type="LINE" missed="2" covered="0"/><counter type="COMPLEXITY" missed="1" covered="0"/><counter type="METHOD" missed="1" covered="0"/></method><method name="queueSize" desc="(I)Lorg/graylog/metrics/GelfReporter$Builder;" line="205"><counter type="INSTRUCTION" missed="5" covered="0"/><counter type="LINE" missed="2" covered="0"/><counter type="COMPLEXITY" missed="1" covered="0"/><counter type="METHOD" missed="1" covered="0"/></method><method name="tlsEnabled" desc="(Z)Lorg/graylog/metrics/GelfReporter$Builder;" line="216"><counter type="INSTRUCTION" missed="5" covered="0"/><counter type="LINE" missed="2" covered="0"/><counter type="COMPLEXITY" missed="1" covered="0"/><counter type="METHOD" missed="1" covered="0"/></method><method name="tlsTrustCertChainFile" desc="(Ljava/io/File;)Lorg/graylog/metrics/GelfReporter$Builder;" line="227"><counter type="INSTRUCTION" missed="5" covered="0"/><counter type="LINE" missed="2" covered="0"/><counter type="COMPLEXITY" missed="1" covered="0"/><counter type="METHOD" missed="1" covered="0"/></method><method name="tlsCertVerificationEnabled" desc="(Z)Lorg/graylog/metrics/GelfReporter$Builder;" line="238"><counter type="INSTRUCTION" missed="5" covered="0"/><counter type="LINE" missed="2" covered="0"/><counter type="COMPLEXITY" missed="1" covered="0"/><counter type="METHOD" missed="1" covered="0"/></method><method name="reconnectDelay" desc="(I)Lorg/graylog/metrics/GelfReporter$Builder;" line="249"><counter type="INSTRUCTION" missed="5" covered="0"/><counter type="LINE" missed="2" covered="0"/><counter type="COMPLEXITY" missed="1" covered="0"/><counter type="METHOD" missed="1" covered="0"/></method><method name="connectTimeout" desc="(I)Lorg/graylog/metrics/GelfReporter$Builder;" line="260"><counter type="INSTRUCTION" missed="5" covered="0"/><counter type="LINE" missed="2" covered="0"/><counter type="COMPLEXITY" missed="1" covered="0"/><counter type="METHOD" missed="1" covered="0"/></method><method name="tcpNoDelay" desc="(Z)Lorg/graylog/metrics/GelfReporter$Builder;" line="271"><counter type="INSTRUCTION" missed="5" covered="0"/><counter type="LINE" missed="2" covered="0"/><counter type="COMPLEXITY" missed="1" covered="0"/><counter type="METHOD" missed="1" covered="0"/></method><method name="tcpKeepAlive" desc="(Z)Lorg/graylog/metrics/GelfReporter$Builder;" line="282"><counter type="INSTRUCTION" missed="5" covered="0"/><counter type="LINE" missed="2" covered="0"/><counter type="COMPLEXITY" missed="1" covered="0"/><counter type="METHOD" missed="1" covered="0"/></method><method name="sendBufferSize" desc="(I)Lorg/graylog/metrics/GelfReporter$Builder;" line="294"><counter type="INSTRUCTION" missed="5" covered="0"/><counter type="LINE" missed="2" covered="0"/><counter type="COMPLEXITY" missed="1" covered="0"/><counter type="METHOD" missed="1" covered="0"/></method><method name="maxInFlightSends" desc="(I)Lorg/graylog/metrics/GelfReporter$Builder;" line="305"><counter type="INSTRUCTION" missed="5" covered="0"/><counter type="LINE" missed="2" covered="0"/><counter type="COMPLEXITY" missed="1" covered="0"/><counter type="METHOD" missed="1" covered="0"/></method><method name="level" desc="(Lorg/graylog2/gelfclient/GelfMessageLevel;)Lorg/graylog/metrics/GelfReporter$Builder;" line="317"><counter type="INSTRUCTION" missed="7" covered="0"/><counter type="LINE" missed="2" covered="0"/><counter type="COMPLEXITY" missed="1" covered="0"/><counter type="METHOD" missed="1" covered="0"/></method><method name="source" desc="(Ljava/lang/String;)Lorg/graylog/metrics/GelfReporter$Builder;" line="328"><counter type="INSTRUCTION" missed="7" covered="0"/><counter type="LINE" missed="2" covered="0"/><counter type="COMPLEXITY" missed="1" covered="0"/><counter type="METHOD" missed="1" covered="0"/></method><method name="build" desc="()Lorg/graylog/metrics/GelfReporter;" line="338"><counter type="INSTRUCTION" missed="3" covered="68"/><counter type="BRANCH" missed="2" covered="2"/><counter type="LINE" missed="1" covered="15"/><counter type="COMPLEXITY" missed="2" covered="1"/><counter type="METHOD" missed="0" covered="1"/></method><counter type="INSTRUCTION" missed="112" covered="142"/><counter type="BRANCH" missed="2" covered="2"/><counter type="LINE" missed="39" covered="39"/><counter type="COMPLEXITY" missed="21" covered="3"/><counter type="METHOD" missed="19" covered="3"/><counter type="CLASS" missed="0" covered="1"/></class><sourcefile name="GelfReporter.java"><line nr="54" mi="0" ci="6" mb="0" cb="0"/><line nr="86" mi="0" ci="2" mb="0" cb="0"/><line nr="87" mi="0" ci="3" mb="0" cb="0"/><line nr="88" mi="0" ci="3" mb="0" cb="0"/><line nr="89" mi="0" ci="3" mb="0" cb="0"/><line nr="90" mi="0" ci="3" mb="0" cb="0"/><line nr="91" mi="0" ci="3" mb="0" cb="0"/><line nr="92" mi="0" ci="3" mb="0" cb="0"/><line nr="93" mi="0" ci="7" mb="0" cb="0"/><line nr="94" mi="0" ci="3" mb="0" cb="0"/><line nr="95" mi="0" ci="3" mb="0" cb="0"/><line nr="96" mi="0" ci="3" mb="0" cb="0"/><line nr="97" mi="0" ci="3" mb="0" cb="0"/><line nr="98" mi="0" ci="3" mb="0" cb="0"/><line nr="99" mi="0" ci="3" mb="0" cb="0"/><line nr="100" mi="0" ci="3" mb="0" cb="0"/><line nr="101" mi="0" ci="3" mb="0" cb="0"/><line nr="102" mi="0" ci="3" mb="0" cb="0"/><line nr="103" mi="0" ci="3" mb="0" cb="0"/><line nr="104" mi="0" ci="3" mb="0" cb="0"/><line nr="105" mi="0" ci="3" mb="0" cb="0"/><line nr="106" mi="0" ci="3" mb="0" cb="0"/><line nr="107" mi="0" ci="1" mb="0" cb="0"/><line nr="116" mi="5" ci="0" mb="0" cb="0"/><line nr="117" mi="2" ci="0" mb="0" cb="0"/><line nr="127" mi="3" ci="0" mb="0" cb="0"/><line nr="128" mi="2" ci="0" mb="0" cb="0"/><line nr="138" mi="5" ci="0" mb="0" cb="0"/><line nr="139" mi="2" ci="0" mb="0" cb="0"/><line nr="149" mi="5" ci="0" mb="0" cb="0"/><line nr="150" mi="2" ci="0" mb="0" cb="0"/><line nr="160" mi="3" ci="0" mb="0" cb="0"/><line nr="161" mi="2" ci="0" mb="0" cb="0"/><line nr="171" mi="0" ci="5" mb="0" cb="0"/><line nr="172" mi="0" ci="2" mb="0" cb="0"/><line nr="182" mi="5" ci="0" mb="0" cb="0"/><line nr="183" mi="2" ci="0" mb="0" cb="0"/><line nr="194" mi="5" ci="0" mb="0" cb="0"/><line nr="195" mi="2" ci="0" mb="0" cb="0"/><line nr="205" mi="3" ci="0" mb="0" cb="0"/><line nr="206" mi="2" ci="0" mb="0" cb="0"/><line nr="216" mi="3" ci="0" mb="0" cb="0"/><line nr="217" mi="2" ci="0" mb="0" cb="0"/><line nr="227" mi="3" ci="0" mb="0" cb="0"/><line nr="228" mi="2" ci="0" mb="0" cb="0"/><line nr="238" mi="3" ci="0" mb="0" cb="0"/><line nr="239" mi="2" ci="0" mb="0" cb="0"/><line nr="249" mi="3" ci="0" mb="0" cb="0"/><line nr="250" mi="2" ci="0" mb="0" cb="0"/><line nr="260" mi="3" ci="0" mb="0" cb="0"/><line nr="261" mi="2" ci="0" mb="0" cb="0"/><line nr="271" mi="3" ci="0" mb="0" cb="0"/><line nr="272" mi="2" ci="0" mb="0" cb="0"/><line nr="282" mi="3" ci="0" mb="0" cb="0"/><line nr="283" mi="2" ci="0" mb="0" cb="0"/><line nr="294" mi="3" ci="0" mb="0" cb="0"/><line nr="295" mi="2" ci="0" mb="0" cb="0"/><line nr="305" mi="3" ci="0" mb="0" cb="0"/><line nr="306" mi="2" ci="0" mb="0" cb="0"/><line nr="317" mi="5" ci="0" mb="0" cb="0"/><line nr="318" mi="2" ci="0" mb="0" cb="0"/><line nr="328" mi="5" ci="0" mb="0" cb="0"/><line nr="329" mi="2" ci="0" mb="0" cb="0"/><line nr="338" mi="0" ci="7" mb="0" cb="0"/><line nr="339" mi="0" ci="3" mb="0" cb="0"/><line nr="340" mi="0" ci="3" mb="0" cb="0"/><line nr="341" mi="0" ci="3" mb="0" cb="0"/><line nr="342" mi="0" ci="3" mb="0" cb="0"/><line nr="343" mi="0" ci="3" mb="0" cb="0"/><line nr="344" mi="0" ci="3" mb="0" cb="0"/><line nr="345" mi="0" ci="3" mb="0" cb="0"/><line nr="346" mi="0" ci="2" mb="0" cb="0"/><line nr="348" mi="0" ci="3" mb="1" cb="1"/><line nr="349" mi="3" ci="0" mb="0" cb="0"/><line nr="352" mi="0" ci="3" mb="1" cb="1"/><line nr="353" mi="0" ci="4" mb="0" cb="0"/><line nr="354" mi="0" ci="2" mb="0" cb="0"/><line nr="357" mi="0" ci="3" mb="0" cb="0"/><line nr="359" mi="0" ci="23" mb="0" cb="0"/><line nr="372" mi="0" ci="4" mb="0" cb="0"/><line nr="387" mi="0" ci="7" mb="0" cb="0"/><line nr="388" mi="0" ci="5" mb="0" cb="0"/><line nr="389" mi="0" ci="3" mb="0" cb="0"/><line nr="390" mi="0" ci="3" mb="0" cb="0"/><line nr="391" mi="0" ci="3" mb="0" cb="0"/><line nr="392" mi="0" ci="3" mb="0" cb="0"/><line nr="393" mi="0" ci="10" mb="0" cb="2"/><line nr="394" mi="0" ci="1" mb="0" cb="0"/><line nr="405" mi="0" ci="15" mb="1" cb="9"/><line nr="406" mi="3" ci="0" mb="0" cb="0"/><line nr="407" mi="1" ci="0" mb="0" cb="0"/><line nr="410" mi="0" ci="4" mb="0" cb="0"/><line nr="412" mi="0" ci="11" mb="0" cb="2"/><line nr="413" mi="0" ci="5" mb="1" cb="1"/><line nr="414" mi="0" ci="11" mb="0" cb="0"/><line nr="415" mi="0" ci="7" mb="0" cb="0"/><line nr="417" mi="0" ci="1" mb="0" cb="0"/><line nr="419" mi="0" ci="11" mb="0" cb="2"/><line nr="420" mi="0" ci="11" mb="0" cb="0"/><line nr="421" mi="0" ci="7" mb="0" cb="0"/><line nr="422" mi="0" ci="1" mb="0" cb="0"/><line nr="424" mi="0" ci="11" mb="0" cb="2"/><line nr="425" mi="0" ci="11" mb="0" cb="0"/><line nr="426" mi="0" ci="7" mb="0" cb="0"/><line nr="427" mi="0" ci="1" mb="0" cb="0"/><line nr="429" mi="0" ci="11" mb="0" cb="2"/><line nr="430" mi="0" ci="11" mb="0" cb="0"/><line nr="431" mi="0" ci="7" mb="0" cb="0"/><line nr="432" mi="0" ci="1" mb="0" cb="0"/><line nr="434" mi="0" ci="11" mb="0" cb="2"/><line nr="435" mi="0" ci="11" mb="0" cb="0"/><line nr="436" mi="0" ci="7" mb="0" cb="0"/><line nr="437" mi="0" ci="1" mb="0" cb="0"/><line nr="438" mi="0" ci="1" mb="0" cb="0"/><line nr="445" mi="0" ci="2" mb="0" cb="0"/><line nr="446" mi="0" ci="3" mb="1" cb="1"/><line nr="447" mi="0" ci="3" mb="0" cb="0"/><line nr="449" mi="0" ci="1" mb="0" cb="0"/><line nr="452" mi="0" ci="3" mb="0" cb="0"/><line nr="453" mi="0" ci="16" mb="0" cb="0"/><line nr="454" mi="0" ci="3" mb="0" cb="0"/><line nr="455" mi="0" ci="3" mb="0" cb="0"/><line nr="456" mi="0" ci="3" mb="0" cb="0"/><line nr="457" mi="0" ci="3" mb="0" cb="0"/><line nr="458" mi="0" ci="3" mb="0" cb="0"/><line nr="459" mi="0" ci="6" mb="0" cb="0"/><line nr="460" mi="0" ci="8" mb="0" cb="0"/><line nr="461" mi="0" ci="8" mb="0" cb="0"/><line nr="462" mi="0" ci="7" mb="0" cb="0"/><line nr="463" mi="0" ci="7" mb="0" cb="0"/><line nr="464" mi="0" ci="7" mb="0" cb="0"/><line nr="465" mi="0" ci="7" mb="0" cb="0"/><line nr="466" mi="0" ci="7" mb="0" cb="0"/><line nr="467" mi="0" ci="7" mb="0" cb="0"/><line nr="468" mi="0" ci="7" mb="0" cb="0"/><line nr="469" mi="0" ci="6" mb="0" cb="0"/><line nr="470" mi="0" ci="5" mb="0" cb="0"/><line nr="471" mi="0" ci="7" mb="0" cb="0"/><line nr="472" mi="0" ci="7" mb="0" cb="0"/><line nr="473" mi="0" ci="7" mb="0" cb="0"/><line nr="474" mi="0" ci="6" mb="0" cb="0"/><line nr="475" mi="0" ci="3" mb="0" cb="0"/><line nr="477" mi="0" ci="6" mb="0" cb="0"/><line nr="478" mi="0" ci="1" mb="0" cb="0"/><line nr="481" mi="0" ci="16" mb="0" cb="0"/><line nr="482" mi="0" ci="3" mb="0" cb="0"/><line nr="483" mi="0" ci="3" mb="0" cb="0"/><line nr="484" mi="0" ci="3" mb="0" cb="0"/><line nr="485" mi="0" ci="3" mb="0" cb="0"/><line nr="486" mi="0" ci="3" mb="0" cb="0"/><line nr="487" mi="0" ci="6" mb="0" cb="0"/><line nr="488" mi="0" ci="7" mb="0" cb="0"/><line nr="489" mi="0" ci="7" mb="0" cb="0"/><line nr="490" mi="0" ci="7" mb="0" cb="0"/><line nr="491" mi="0" ci="6" mb="0" cb="0"/><line nr="492" mi="0" ci="3" mb="0" cb="0"/><line nr="494" mi="0" ci="6" mb="0" cb="0"/><line nr="495" mi="0" ci="1" mb="0" cb="0"/><line nr="498" mi="0" ci="3" mb="0" cb="0"/><line nr="499" mi="0" ci="16" mb="0" cb="0"/><line nr="500" mi="0" ci="3" mb="0" cb="0"/><line nr="501" mi="0" ci="3" mb="0" cb="0"/><line nr="502" mi="0" ci="3" mb="0" cb="0"/><line nr="503" mi="0" ci="3" mb="0" cb="0"/><line nr="504" mi="0" ci="3" mb="0" cb="0"/><line nr="505" mi="0" ci="5" mb="0" cb="0"/><line nr="506" mi="0" ci="5" mb="0" cb="0"/><line nr="507" mi="0" ci="5" mb="0" cb="0"/><line nr="508" mi="0" ci="5" mb="0" cb="0"/><line nr="509" mi="0" ci="5" mb="0" cb="0"/><line nr="510" mi="0" ci="5" mb="0" cb="0"/><line nr="511" mi="0" ci="5" mb="0" cb="0"/><line nr="512" mi="0" ci="5" mb="0" cb="0"/><line nr="513" mi="0" ci="5" mb="0" cb="0"/><line nr="514" mi="0" ci="5" mb="0" cb="0"/><line nr="515" mi="0" ci="4" mb="0" cb="0"/><line nr="517" mi="0" ci="6" mb="0" cb="0"/><line nr="518" mi="0" ci="1" mb="0" cb="0"/><line nr="521" mi="0" ci="16" mb="0" cb="0"/><line nr="522" mi="0" ci="3" mb="0" cb="0"/><line nr="523" mi="0" ci="3" mb="0" cb="0"/><line nr="524" mi="0" ci="3" mb="0" cb="0"/><line nr="525" mi="0" ci="3" mb="0" cb="0"/><line nr="526" mi="0" ci="3" mb="0" cb="0"/><line nr="527" mi="0" ci="4" mb="0" cb="0"/><line nr="529" mi="0" ci="6" mb="0" cb="0"/><line nr="530" mi="0" ci="1" mb="0" cb="0"/><line nr="533" mi="0" ci="16" mb="0" cb="0"/><line nr="534" mi="0" ci="3" mb="0" cb="0"/><line nr="535" mi="0" ci="3" mb="0" cb="0"/><line nr="536" mi="0" ci="3" mb="0" cb="0"/><line nr="537" mi="0" ci="3" mb="0" cb="0"/><line nr="538" mi="0" ci="3" mb="0" cb="0"/><line nr="539" mi="0" ci="3" mb="0" cb="0"/><line nr="541" mi="0" ci="6" mb="0" cb="0"/><line nr="542" mi="0" ci="1" mb="0" cb="0"/><line nr="545" mi="0" ci="5" mb="0" cb="0"/><counter type="INSTRUCTION" missed="116" covered="781"/><counter type="BRANCH" missed="5" covered="25"/><counter type="LINE" missed="41" covered="156"/><counter type="COMPLEXITY" missed="24" covered="24"/><counter type="METHOD" missed="19" covered="14"/><counter type="CLASS" missed="0" covered="2"/></sourcefile><counter type="INSTRUCTION" missed="116" covered="781"/><counter type="BRANCH" missed="5" covered="25"/><counter type="LINE" missed="41" covered="156"/><counter type="COMPLEXITY" missed="24" covered="24"/><counter type="METHOD" missed="19" covered="14"/><counter type="CLASS" missed="0" covered="2"/></package><counter type="INSTRUCTION" missed="116" covered="781"/><counter type="BRANCH" missed="5" covered="25"/><counter type="LINE" missed="41" covered="156"/><counter type="COMPLEXITY" missed="24" covered="24"/><counter type="METHOD" missed="19" covered="14"/><counter type="CLASS" missed="0" covered="2"/></report>